SF:lib/app/ui/widgets/stars_rating_widget.dart
DA:5,4
DA:10,4
DA:12,4
DA:17,4
DA:18,4
DA:22,4
DA:24,4
DA:25,4
DA:26,4
DA:31,4
DA:32,8
DA:33,4
LF:12
LH:12
end_of_record
SF:lib/app/ui/bloc/moteis_state.dart
DA:5,5
DA:9,5
DA:11,1
DA:12,2
DA:18,2
DA:20,1
DA:21,3
DA:27,2
DA:29,1
DA:30,3
LF:10
LH:10
end_of_record
SF:lib/app/ui/bloc/moteis_event.dart
DA:6,1
DA:10,1
DA:11,1
DA:12,2
LF:4
LH:4
end_of_record
SF:lib/app/ui/bloc/moteis_bloc.dart
DA:12,1
DA:15,2
DA:16,2
DA:19,1
DA:20,3
DA:21,2
DA:22,1
DA:23,2
DA:24,2
DA:26,2
DA:27,2
LF:11
LH:11
end_of_record
SF:lib/app/ui/pages/home_page.dart
DA:9,1
DA:11,1
DA:12,1
DA:16,1
DA:18,1
DA:20,1
DA:22,1
DA:23,0
DA:28,2
DA:29,1
DA:30,1
DA:31,1
DA:32,0
DA:33,0
DA:36,1
DA:37,1
DA:38,1
DA:39,1
DA:40,1
DA:41,1
DA:43,2
LF:21
LH:18
end_of_record
SF:lib/app/ui/widgets/app_app_bar_widget.dart
DA:10,2
DA:15,2
DA:17,2
DA:20,2
DA:21,2
DA:22,2
DA:24,2
DA:25,2
DA:26,0
DA:27,2
DA:32,2
DA:39,2
DA:40,2
DA:44,2
DA:45,2
DA:46,2
DA:48,2
DA:49,2
DA:51,2
DA:52,0
DA:53,2
DA:60,2
DA:64,2
DA:65,2
DA:66,2
DA:68,2
DA:69,2
DA:72,2
DA:73,1
DA:77,1
LF:30
LH:28
end_of_record
SF:lib/app/ui/widgets/filter_column_widget.dart
DA:9,7
DA:11,2
DA:13,2
DA:14,2
DA:15,2
DA:17,2
DA:18,2
DA:19,2
DA:26,4
DA:27,2
DA:28,2
DA:29,4
DA:30,2
DA:31,2
DA:34,2
DA:35,2
DA:43,2
LF:17
LH:17
end_of_record
SF:lib/app/ui/widgets/home_body_widget.dart
DA:7,7
DA:9,2
DA:11,2
DA:12,2
DA:13,2
DA:14,2
DA:15,2
DA:16,2
DA:19,1
DA:20,1
DA:21,1
DA:22,2
DA:26,1
DA:27,1
DA:28,1
DA:29,0
DA:30,0
DA:31,0
DA:32,0
DA:36,1
DA:38,1
DA:41,1
DA:42,1
DA:43,1
DA:44,1
DA:48,1
LF:26
LH:22
end_of_record
SF:lib/app/ui/widgets/item_arrow_down_widget.dart
DA:6,3
DA:12,3
DA:14,3
DA:15,3
DA:16,3
DA:17,3
DA:19,3
DA:20,3
DA:21,3
LF:9
LH:9
end_of_record
SF:lib/app/domain/models/categoria_item.dart
DA:7,6
DA:12,3
DA:13,3
DA:14,3
DA:15,3
DA:19,1
DA:20,3
LF:7
LH:7
end_of_record
SF:lib/app/domain/models/desconto.dart
DA:6,5
DA:10,3
DA:11,3
DA:12,3
DA:16,1
DA:17,1
DA:18,1
LF:7
LH:7
end_of_record
SF:lib/app/domain/models/item.dart
DA:6,5
DA:10,6
DA:11,3
DA:14,1
DA:15,2
LF:5
LH:5
end_of_record
SF:lib/app/domain/models/periodo.dart
DA:12,6
DA:21,3
DA:22,3
DA:23,3
DA:24,3
DA:25,3
DA:26,3
DA:27,3
DA:29,9
DA:33,1
DA:34,1
DA:35,1
DA:36,1
DA:37,1
DA:38,1
DA:39,1
DA:40,1
LF:17
LH:17
end_of_record
SF:lib/app/domain/models/suite.dart
DA:15,5
DA:25,3
DA:26,3
DA:27,3
DA:28,3
DA:29,3
DA:30,6
DA:32,15
DA:33,3
DA:34,9
DA:35,3
DA:36,0
DA:37,3
DA:38,9
DA:39,3
DA:40,0
DA:44,1
DA:45,1
DA:46,1
DA:47,1
DA:48,1
DA:49,1
DA:50,1
DA:51,1
DA:52,1
LF:25
LH:23
end_of_record
SF:lib/app/ui/widgets/category_item_widget.dart
DA:6,4
DA:11,4
DA:13,4
DA:17,4
DA:18,4
DA:19,4
DA:21,4
DA:22,8
LF:8
LH:8
end_of_record
SF:lib/app/ui/widgets/discount_widget.dart
DA:7,3
DA:13,3
DA:15,3
DA:19,3
DA:20,3
DA:24,3
DA:30,3
DA:31,21
LF:8
LH:8
end_of_record
SF:lib/app/ui/widgets/periods_widget.dart
DA:8,4
DA:13,4
DA:15,4
DA:16,4
DA:18,4
DA:19,4
DA:20,4
DA:21,4
DA:23,4
DA:24,4
DA:25,4
DA:26,4
DA:27,8
DA:32,8
DA:33,2
DA:34,4
DA:35,4
DA:39,4
DA:40,4
DA:41,8
DA:42,2
DA:46,2
DA:47,10
DA:56,4
DA:57,20
DA:67,4
LF:26
LH:26
end_of_record
SF:lib/app/ui/widgets/suite_item_widget.dart
DA:9,3
DA:14,3
DA:16,3
DA:17,3
DA:18,3
DA:19,3
DA:21,3
DA:22,3
DA:23,3
DA:24,3
DA:25,3
DA:26,9
DA:32,3
DA:33,6
DA:34,3
DA:44,3
DA:45,3
DA:47,3
DA:49,6
DA:50,3
DA:51,3
DA:52,6
DA:56,3
DA:57,3
DA:63,9
DA:64,6
LF:26
LH:26
end_of_record
SF:lib/app/ui/widgets/view_all_widget.dart
DA:4,19
DA:6,4
DA:8,4
DA:12,4
DA:13,4
DA:14,4
LF:6
LH:6
end_of_record
SF:lib/app/core/exceptions/app_exception.dart
DA:5,5
DA:7,1
DA:9,1
DA:10,0
DA:12,3
LF:5
LH:4
end_of_record
SF:lib/app/data/exception/http_exception.dart
DA:6,5
LF:1
LH:1
end_of_record
SF:lib/app/domain/models/motel.dart
DA:14,5
DA:25,6
DA:26,3
DA:27,3
DA:28,3
DA:29,6
DA:30,6
DA:31,6
DA:32,6
DA:34,15
DA:35,0
DA:38,2
DA:39,2
DA:40,2
DA:41,2
DA:42,2
DA:43,2
DA:44,2
DA:45,2
DA:46,2
DA:47,2
LF:21
LH:20
end_of_record
SF:lib/app/ui/widgets/motel_item_widget.dart
DA:11,2
DA:16,2
DA:18,2
DA:19,2
DA:20,2
DA:24,2
DA:25,2
DA:26,2
DA:28,2
DA:29,2
DA:30,2
DA:31,4
DA:39,2
DA:40,2
DA:42,2
DA:43,2
DA:44,4
DA:49,2
DA:50,4
DA:52,2
DA:53,4
DA:54,4
DA:62,2
DA:72,2
DA:73,2
DA:80,6
DA:81,2
DA:82,2
DA:86,2
LF:29
LH:29
end_of_record
SF:lib/app/ui/widgets/reviews_widget.dart
DA:8,3
DA:14,3
DA:16,3
DA:17,3
DA:18,3
DA:19,3
DA:24,3
DA:25,3
LF:8
LH:8
end_of_record
SF:lib/app/ui/widgets/number_reviews_widget.dart
DA:6,4
DA:11,4
DA:13,4
DA:14,4
DA:15,4
DA:16,8
DA:17,4
DA:25,4
LF:8
LH:8
end_of_record
SF:lib/app/core/constants/constants.dart
DA:3,6
LF:1
LH:1
end_of_record
SF:lib/app/ui/widgets/filter_tile.dart
DA:8,3
DA:15,3
DA:17,3
DA:18,3
DA:19,3
DA:20,3
DA:21,3
DA:22,6
DA:26,3
DA:27,3
DA:31,3
DA:32,3
DA:33,3
DA:34,3
DA:38,3
DA:39,3
DA:40,6
DA:44,3
DA:45,3
DA:46,3
DA:47,6
LF:21
LH:21
end_of_record
SF:lib/app/data/repositories/moteis/motel_repository_remote.dart
DA:9,1
DA:13,1
DA:15,2
LF:3
LH:3
end_of_record
SF:lib/app/data/services/moteis/motel_client_http.dart
DA:9,1
DA:13,1
DA:14,2
DA:16,4
DA:17,3
DA:18,1
LF:6
LH:6
end_of_record
SF:lib/app/data/services/client_http.dart
DA:9,1
DA:13,1
DA:15,3
DA:16,2
DA:18,3
DA:19,1
DA:21,1
DA:22,1
DA:24,1
DA:28,1
DA:29,1
LF:11
LH:11
end_of_record
